[5:04:32 AM] › [HTTP SERVER] ℹ  info      HTTP request is: |'URL': "/credentials"  |'header':  {"authorization":"xyz","token":"sd","user-agent":"PostmanRuntime/7.32.3","accept":"*/*","postman-token":"9917ee80-740c-4abb-90fc-f15a6f25d253","host":"0.0.0.0:4012","accept-encoding":"gzip, deflate, br","connection":"keep-alive"} |'body: ' null
[5:04:32 AM] › [HTTP SERVER] get /credentials ℹ  info      Request received
[5:04:32 AM] ›     [NEGOTIATOR] ℹ  info      Request contains an accept header: */*
[5:04:32 AM] ›     [VALIDATOR] ✔  success   The request passed the validation rules. Looking for the best response
[5:04:32 AM] ›     [NEGOTIATOR] ✔  success   Found a compatible content for */*
[5:04:32 AM] ›     [NEGOTIATOR] ✔  success   Responding with the requested status code 200
[5:04:32 AM] ›     [NEGOTIATOR] ℹ  info      HTTP response is: {"statusCode":200,"headers":{"api-version":"1.0.0","page-offset":0,"page-size":0,"Content-type":"application/json"},"body":{"total":1,"credentials":[{"id":"497f6eca-6276-4993-bfeb-53cbbbba6f08","format":"jwt_vc_json","credential":"string","status":"active","statusUpdatedAt":"2019-08-24T14:15:22Z","createdAt":"2019-08-24T14:15:22Z"}]}}
[5:04:32 AM] ›     [NEGOTIATOR] ℹ  info      > Responding with "200"
[5:05:22 AM] › [HTTP SERVER] ℹ  info      HTTP request is: |'URL': "/credentials/497f6eca-6276-4993-bfeb-53cbbbba6f08"  |'header':  {"authorization":"xyz","token":"sd","user-agent":"PostmanRuntime/7.32.3","accept":"*/*","postman-token":"2ebc517c-031c-43d2-befa-29289c1d6cf6","host":"0.0.0.0:4012","accept-encoding":"gzip, deflate, br","connection":"keep-alive"} |'body: ' null
[5:05:22 AM] › [HTTP SERVER] get /credentials/497f6eca-6276-4993-bfeb-53cbbbba6f08 ℹ  info      Request received
[5:05:22 AM] ›     [NEGOTIATOR] ℹ  info      Request contains an accept header: */*
[5:05:22 AM] ›     [VALIDATOR] ✔  success   The request passed the validation rules. Looking for the best response
[5:05:22 AM] ›     [NEGOTIATOR] ✔  success   Found a compatible content for */*
[5:05:22 AM] ›     [NEGOTIATOR] ✔  success   Responding with the requested status code 200
[5:05:22 AM] ›     [NEGOTIATOR] ℹ  info      HTTP response is: {"statusCode":200,"headers":{"api-version":"1.0.0","Content-type":"application/json"},"body":{"id":"497f6eca-6276-4993-bfeb-53cbbbba6f08","format":"jwt_vc_json","credential":"string","status":"active","statusUpdatedAt":"2019-08-24T14:15:22Z","createdAt":"2019-08-24T14:15:22Z"}}
[5:05:22 AM] ›     [NEGOTIATOR] ℹ  info      > Responding with "200"
[5:05:35 AM] › [HTTP SERVER] ℹ  info      HTTP request is: |'URL': "/credentials/497f6eca-6276-4993-bfeb-53cbbbba6f08"  |'header':  {"authorization":"xyz","token":"sd","user-agent":"PostmanRuntime/7.32.3","accept":"*/*","postman-token":"0c352050-1287-42c4-91c1-9cc2e07687da","host":"0.0.0.0:4012","accept-encoding":"gzip, deflate, br","connection":"keep-alive"} |'body: ' null
[5:05:35 AM] › [HTTP SERVER] delete /credentials/497f6eca-6276-4993-bfeb-53cbbbba6f08 ℹ  info      Request received
[5:05:35 AM] ›     [NEGOTIATOR] ℹ  info      Request contains an accept header: */*
[5:05:35 AM] ›     [VALIDATOR] ✔  success   The request passed the validation rules. Looking for the best response
[5:05:35 AM] ›     [NEGOTIATOR] ⚠  warning   Unable to find content for */*
[5:05:35 AM] ›     [NEGOTIATOR] ✔  success   Responding with the requested status code 200
[5:05:35 AM] ›     [NEGOTIATOR] ℹ  info      HTTP response is: {"statusCode":200,"headers":{"api-version":"1.0.0"}}
[5:05:35 AM] ›     [NEGOTIATOR] ℹ  info      > Responding with "200"
[5:05:43 AM] › [HTTP SERVER] ℹ  info      HTTP request is: |'URL': "/credentials"  |'header':  {"authorization":"xyz","token":"sd","user-agent":"PostmanRuntime/7.32.3","accept":"*/*","postman-token":"f487dccb-8517-4636-bf77-320def962b6c","host":"0.0.0.0:4012","accept-encoding":"gzip, deflate, br","connection":"keep-alive"} |'body: ' null
[5:05:43 AM] › [HTTP SERVER] get /credentials ℹ  info      Request received
[5:05:43 AM] ›     [NEGOTIATOR] ℹ  info      Request contains an accept header: */*
[5:05:43 AM] ›     [VALIDATOR] ✔  success   The request passed the validation rules. Looking for the best response
[5:05:43 AM] ›     [NEGOTIATOR] ✔  success   Found a compatible content for */*
[5:05:43 AM] ›     [NEGOTIATOR] ✔  success   Responding with the requested status code 200
[5:05:43 AM] ›     [NEGOTIATOR] ℹ  info      HTTP response is: {"statusCode":200,"headers":{"api-version":"1.0.0","page-offset":0,"page-size":0,"Content-type":"application/json"},"body":{"total":1,"credentials":[{"id":"497f6eca-6276-4993-bfeb-53cbbbba6f08","format":"jwt_vc_json","credential":"string","status":"active","statusUpdatedAt":"2019-08-24T14:15:22Z","createdAt":"2019-08-24T14:15:22Z"}]}}
[5:05:43 AM] ›     [NEGOTIATOR] ℹ  info      > Responding with "200"
[5:06:34 AM] › [HTTP SERVER] ℹ  info      HTTP request is: |'URL': "/credentials"  |'header':  {"authorization":"xyz","token":"sd","user-agent":"PostmanRuntime/7.32.3","accept":"*/*","postman-token":"c6e77859-f8a2-42e8-bb62-e9b0d8f54a0d","host":"0.0.0.0:4012","accept-encoding":"gzip, deflate, br","connection":"keep-alive"} |'body: ' null
[5:06:34 AM] › [HTTP SERVER] delete /credentials ℹ  info      Request received
[5:06:34 AM] › [HTTP SERVER] delete /credentials ✖  error     Request terminated with error: https://stoplight.io/prism/errors#NO_METHOD_MATCHED_ERROR: Route resolved, but no method matched
